# JRE version: OpenJDK Runtime Environment (22.0+36) (build 22+36-2370)
# Java VM: OpenJDK 64-Bit Server VM (22+36-2370, mixed mode, sharing, tiered, compressed oops, compressed class ptrs, g1 gc, windows-amd64)
GC Precious Log:
 CardTable entry size: 512
 Card Set container configuration: InlinePtr #cards 5 size 8 Array Of Cards #cards 12 size 40 Howl #buckets 4 coarsen threshold 1843 Howl Bitmap #cards 512 size 80 coarsen threshold 460 Card regions per heap region 1 cards per card region 2048
 CPUs: 4 total, 4 available
 Memory: 7879M
 Large Page Support: Disabled
 NUMA Support: Disabled
 Compressed Oops: Enabled (32-bit)
 Heap Region Size: 1M
 Heap Min Capacity: 8M
 Heap Initial Capacity: 124M
 Heap Max Capacity: 1970M
 Pre-touch: Disabled
 Parallel Workers: 4
 Concurrent Workers: 1
 Concurrent Refinement Workers: 4
 Periodic GC: Disabled
Heap:
 garbage-first heap   total reserved 2017280K, committed 150528K, used 60477K [0x0000000084e00000, 0x0000000100000000)
  region size 1024K, 19 young (19456K), 1 survivors (1024K)
 Metaspace       used 87617K, committed 88768K, reserved 1179648K
  class space    used 11643K, committed 12096K, reserved 1048576K
GC Heap History (20 events):
Event: 1902.740 GC heap before
{Heap before GC invocations=59 (full 0):
 garbage-first heap   total reserved 2017280K, committed 153600K, used 135309K [0x0000000084e00000, 0x0000000100000000)
  region size 1024K, 90 young (92160K), 1 survivors (1024K)
 Metaspace       used 87896K, committed 88768K, reserved 1179648K
  class space    used 11724K, committed 12096K, reserved 1048576K
}
Event: 1902.760 GC heap after
{Heap after GC invocations=60 (full 0):
 garbage-first heap   total reserved 2017280K, committed 153600K, used 44405K [0x0000000084e00000, 0x0000000100000000)
  region size 1024K, 1 young (1024K), 1 survivors (1024K)
 Metaspace       used 87896K, committed 88768K, reserved 1179648K
  class space    used 11724K, committed 12096K, reserved 1048576K
}
Event: 1920.509 GC heap before
{Heap before GC invocations=60 (full 0):
 garbage-first heap   total reserved 2017280K, committed 153600K, used 135541K [0x0000000084e00000, 0x0000000100000000)
  region size 1024K, 90 young (92160K), 1 survivors (1024K)
 Metaspace       used 87897K, committed 88768K, reserved 1179648K
  class space    used 11724K, committed 12096K, reserved 1048576K
}
Event: 1920.513 GC heap after
{Heap after GC invocations=61 (full 0):
 garbage-first heap   total reserved 2017280K, committed 153600K, used 44577K [0x0000000084e00000, 0x0000000100000000)
  region size 1024K, 1 young (1024K), 1 survivors (1024K)
 Metaspace       used 87897K, committed 88768K, reserved 1179648K
  class space    used 11724K, committed 12096K, reserved 1048576K
}
Event: 1926.954 GC heap before
{Heap before GC invocations=62 (full 0):
 garbage-first heap   total reserved 2017280K, committed 150528K, used 133665K [0x0000000084e00000, 0x0000000100000000)
  region size 1024K, 88 young (90112K), 1 survivors (1024K)
 Metaspace       used 87897K, committed 88768K, reserved 1179648K
  class space    used 11724K, committed 12096K, reserved 1048576K
}
Event: 1926.997 GC heap after
{Heap after GC invocations=63 (full 0):
 garbage-first heap   total reserved 2017280K, committed 150528K, used 44658K [0x0000000084e00000, 0x0000000100000000)
  region size 1024K, 1 young (1024K), 1 survivors (1024K)
 Metaspace       used 87897K, committed 88768K, reserved 1179648K
  class space    used 11724K, committed 12096K, reserved 1048576K
}
Event: 1932.616 GC heap before
{Heap before GC invocations=63 (full 0):
 garbage-first heap   total reserved 2017280K, committed 150528K, used 133746K [0x0000000084e00000, 0x0000000100000000)
  region size 1024K, 88 young (90112K), 1 survivors (1024K)
 Metaspace       used 87899K, committed 88768K, reserved 1179648K
  class space    used 11724K, committed 12096K, reserved 1048576K
}
Event: 1932.704 GC heap after
{Heap after GC invocations=64 (full 0):
 garbage-first heap   total reserved 2017280K, committed 150528K, used 44126K [0x0000000084e00000, 0x0000000100000000)
  region size 1024K, 1 young (1024K), 1 survivors (1024K)
 Metaspace       used 87899K, committed 88768K, reserved 1179648K
  class space    used 11724K, committed 12096K, reserved 1048576K
}
Event: 1941.039 GC heap before
{Heap before GC invocations=64 (full 0):
 garbage-first heap   total reserved 2017280K, committed 150528K, used 133214K [0x0000000084e00000, 0x0000000100000000)
  region size 1024K, 88 young (90112K), 1 survivors (1024K)
 Metaspace       used 87899K, committed 88768K, reserved 1179648K
  class space    used 11724K, committed 12096K, reserved 1048576K
}
Event: 1941.047 GC heap after
{Heap after GC invocations=65 (full 0):
 garbage-first heap   total reserved 2017280K, committed 150528K, used 44177K [0x0000000084e00000, 0x0000000100000000)
  region size 1024K, 1 young (1024K), 1 survivors (1024K)
 Metaspace       used 87899K, committed 88768K, reserved 1179648K
  class space    used 11724K, committed 12096K, reserved 1048576K
}
Event: 1947.999 GC heap before
{Heap before GC invocations=66 (full 0):
 garbage-first heap   total reserved 2017280K, committed 150528K, used 133265K [0x0000000084e00000, 0x0000000100000000)
  region size 1024K, 88 young (90112K), 1 survivors (1024K)
 Metaspace       used 87756K, committed 88768K, reserved 1179648K
  class space    used 11684K, committed 12096K, reserved 1048576K
}
Event: 1948.002 GC heap after
{Heap after GC invocations=67 (full 0):
 garbage-first heap   total reserved 2017280K, committed 150528K, used 44196K [0x0000000084e00000, 0x0000000100000000)
  region size 1024K, 1 young (1024K), 1 survivors (1024K)
 Metaspace       used 87756K, committed 88768K, reserved 1179648K
  class space    used 11684K, committed 12096K, reserved 1048576K
}
Event: 1955.852 GC heap before
{Heap before GC invocations=67 (full 0):
 garbage-first heap   total reserved 2017280K, committed 150528K, used 133284K [0x0000000084e00000, 0x0000000100000000)
  region size 1024K, 88 young (90112K), 1 survivors (1024K)
 Metaspace       used 87758K, committed 88768K, reserved 1179648K
  class space    used 11684K, committed 12096K, reserved 1048576K
}
Event: 1955.923 GC heap after
{Heap after GC invocations=68 (full 0):
 garbage-first heap   total reserved 2017280K, committed 150528K, used 43737K [0x0000000084e00000, 0x0000000100000000)
  region size 1024K, 1 young (1024K), 1 survivors (1024K)
 Metaspace       used 87758K, committed 88768K, reserved 1179648K
  class space    used 11684K, committed 12096K, reserved 1048576K
}
Event: 1963.826 GC heap before
{Heap before GC invocations=68 (full 0):
 garbage-first heap   total reserved 2017280K, committed 150528K, used 132825K [0x0000000084e00000, 0x0000000100000000)
  region size 1024K, 88 young (90112K), 1 survivors (1024K)
 Metaspace       used 87759K, committed 88768K, reserved 1179648K
  class space    used 11684K, committed 12096K, reserved 1048576K
}
Event: 1963.830 GC heap after
{Heap after GC invocations=69 (full 0):
 garbage-first heap   total reserved 2017280K, committed 150528K, used 43852K [0x0000000084e00000, 0x0000000100000000)
  region size 1024K, 1 young (1024K), 1 survivors (1024K)
 Metaspace       used 87759K, committed 88768K, reserved 1179648K
  class space    used 11684K, committed 12096K, reserved 1048576K
}
Event: 1978.322 GC heap before
{Heap before GC invocations=70 (full 0):
 garbage-first heap   total reserved 2017280K, committed 150528K, used 132940K [0x0000000084e00000, 0x0000000100000000)
  region size 1024K, 88 young (90112K), 1 survivors (1024K)
 Metaspace       used 87616K, committed 88768K, reserved 1179648K
  class space    used 11643K, committed 12096K, reserved 1048576K
}
Event: 1978.325 GC heap after
{Heap after GC invocations=71 (full 0):
 garbage-first heap   total reserved 2017280K, committed 150528K, used 43875K [0x0000000084e00000, 0x0000000100000000)
  region size 1024K, 1 young (1024K), 1 survivors (1024K)
 Metaspace       used 87616K, committed 88768K, reserved 1179648K
  class space    used 11643K, committed 12096K, reserved 1048576K
}
Event: 1988.054 GC heap before
{Heap before GC invocations=71 (full 0):
 garbage-first heap   total reserved 2017280K, committed 150528K, used 132963K [0x0000000084e00000, 0x0000000100000000)
  region size 1024K, 88 young (90112K), 1 survivors (1024K)
 Metaspace       used 87617K, committed 88768K, reserved 1179648K
  class space    used 11643K, committed 12096K, reserved 1048576K
}
Event: 1988.089 GC heap after
{Heap after GC invocations=72 (full 0):
 garbage-first heap   total reserved 2017280K, committed 150528K, used 43069K [0x0000000084e00000, 0x0000000100000000)
  region size 1024K, 1 young (1024K), 1 survivors (1024K)
 Metaspace       used 87617K, committed 88768K, reserved 1179648K
  class space    used 11643K, committed 12096K, reserved 1048576K
}

